<?xml version="1.0" encoding="UTF-8"?>
<!-- Generated by org.testng.reporters.JUnitXMLReporter -->
<testsuite hostname="aissac12" name="First" tests="2" failures="2" timestamp="25 Jun 2019 13:56:33 GMT" time="0.154" errors="0">
  <testcase name="mediumtc3" time="0.056" classname="com.training.sanity.tests.MediumTest3groups">
    <failure type="java.lang.NullPointerException">
      <![CDATA[java.lang.NullPointerException
	at com.training.sanity.tests.MediumTest3groups.mediumtc3(MediumTest3groups.java:75)
... Removed 24 stack frames]]>
    </failure>
  </testcase> <!-- mediumtc3 -->
  <testcase name="mediumtc3a" time="0.026" classname="com.training.sanity.tests.MediumTest3groups">
    <failure type="java.lang.NullPointerException">
      <![CDATA[java.lang.NullPointerException
	at com.training.sanity.tests.MediumTest3groups.mediumtc3a(MediumTest3groups.java:83)
... Removed 24 stack frames]]>
    </failure>
  </testcase> <!-- mediumtc3a -->
</testsuite> <!-- First -->
