<?xml version="1.0" encoding="UTF-8"?>
<testng-results skipped="0" failed="0" ignored="0" total="4" passed="4">
  <reporter-output>
  </reporter-output>
  <suite name="Default suite" duration-ms="163741" started-at="2019-07-08T07:22:58Z" finished-at="2019-07-08T07:25:42Z">
    <groups>
    </groups>
    <test name="Default test" duration-ms="163741" started-at="2019-07-08T07:22:58Z" finished-at="2019-07-08T07:25:42Z">
      <class name="com.training.regression.tests.ComplexExcelTest3">
        <test-method status="PASS" signature="setUpBeforeClass()[pri:0, instance:com.training.regression.tests.ComplexExcelTest3@3cb5cdba]" name="setUpBeforeClass" is-config="true" duration-ms="100" started-at="2019-07-08T12:52:58Z" finished-at="2019-07-08T12:52:59Z">
          <reporter-output>
          </reporter-output>
        </test-method> <!-- setUpBeforeClass -->
        <test-method status="PASS" signature="setUp()[pri:0, instance:com.training.regression.tests.ComplexExcelTest3@3cb5cdba]" name="setUp" is-config="true" duration-ms="15230" started-at="2019-07-08T12:53:01Z" finished-at="2019-07-08T12:53:17Z">
          <reporter-output>
          </reporter-output>
        </test-method> <!-- setUp -->
        <test-method status="PASS" signature="ExcelTest(java.lang.String, java.lang.String, java.lang.String, java.lang.String, java.lang.String)[pri:0, instance:com.training.regression.tests.ComplexExcelTest3@3cb5cdba]" name="ExcelTest" duration-ms="28590" started-at="2019-07-08T12:53:17Z" data-provider="excel-inputs" finished-at="2019-07-08T12:53:45Z">
          <params>
            <param index="0">
              <value>
                <![CDATA[anandhu@gmail.com]]>
              </value>
            </param>
            <param index="1">
              <value>
                <![CDATA[anandhuudayan]]>
              </value>
            </param>
            <param index="2">
              <value>
                <![CDATA[0.0]]>
              </value>
            </param>
            <param index="3">
              <value>
                <![CDATA[0.0]]>
              </value>
            </param>
            <param index="4">
              <value>
                <![CDATA[product is not working]]>
              </value>
            </param>
          </params>
          <reporter-output>
          </reporter-output>
        </test-method> <!-- ExcelTest -->
        <test-method status="PASS" signature="tearDown()[pri:0, instance:com.training.regression.tests.ComplexExcelTest3@3cb5cdba]" name="tearDown" is-config="true" duration-ms="1440" started-at="2019-07-08T12:53:45Z" finished-at="2019-07-08T12:53:47Z">
          <reporter-output>
          </reporter-output>
        </test-method> <!-- tearDown -->
        <test-method status="PASS" signature="setUp()[pri:0, instance:com.training.regression.tests.ComplexExcelTest3@3cb5cdba]" name="setUp" is-config="true" duration-ms="8988" started-at="2019-07-08T12:53:47Z" finished-at="2019-07-08T12:53:56Z">
          <reporter-output>
          </reporter-output>
        </test-method> <!-- setUp -->
        <test-method status="PASS" signature="ExcelTest(java.lang.String, java.lang.String, java.lang.String, java.lang.String, java.lang.String)[pri:0, instance:com.training.regression.tests.ComplexExcelTest3@3cb5cdba]" name="ExcelTest" duration-ms="26906" started-at="2019-07-08T12:53:56Z" data-provider="excel-inputs" finished-at="2019-07-08T12:54:23Z">
          <params>
            <param index="0">
              <value>
                <![CDATA[princeissac@gmail.com]]>
              </value>
            </param>
            <param index="1">
              <value>
                <![CDATA[princeissac]]>
              </value>
            </param>
            <param index="2">
              <value>
                <![CDATA[1.0]]>
              </value>
            </param>
            <param index="3">
              <value>
                <![CDATA[0.0]]>
              </value>
            </param>
            <param index="4">
              <value>
                <![CDATA[product is faulty]]>
              </value>
            </param>
          </params>
          <reporter-output>
          </reporter-output>
        </test-method> <!-- ExcelTest -->
        <test-method status="PASS" signature="tearDown()[pri:0, instance:com.training.regression.tests.ComplexExcelTest3@3cb5cdba]" name="tearDown" is-config="true" duration-ms="1504" started-at="2019-07-08T12:54:23Z" finished-at="2019-07-08T12:54:24Z">
          <reporter-output>
          </reporter-output>
        </test-method> <!-- tearDown -->
        <test-method status="PASS" signature="setUp()[pri:0, instance:com.training.regression.tests.ComplexExcelTest3@3cb5cdba]" name="setUp" is-config="true" duration-ms="10516" started-at="2019-07-08T12:54:24Z" finished-at="2019-07-08T12:54:35Z">
          <reporter-output>
          </reporter-output>
        </test-method> <!-- setUp -->
        <test-method status="PASS" signature="ExcelTest(java.lang.String, java.lang.String, java.lang.String, java.lang.String, java.lang.String)[pri:0, instance:com.training.regression.tests.ComplexExcelTest3@3cb5cdba]" name="ExcelTest" duration-ms="26344" started-at="2019-07-08T12:54:35Z" data-provider="excel-inputs" finished-at="2019-07-08T12:55:01Z">
          <params>
            <param index="0">
              <value>
                <![CDATA[manzoorniss@gmail.com]]>
              </value>
            </param>
            <param index="1">
              <value>
                <![CDATA[manzoorniss]]>
              </value>
            </param>
            <param index="2">
              <value>
                <![CDATA[2.0]]>
              </value>
            </param>
            <param index="3">
              <value>
                <![CDATA[1.0]]>
              </value>
            </param>
            <param index="4">
              <value>
                <![CDATA[wrong product]]>
              </value>
            </param>
          </params>
          <reporter-output>
          </reporter-output>
        </test-method> <!-- ExcelTest -->
        <test-method status="PASS" signature="tearDown()[pri:0, instance:com.training.regression.tests.ComplexExcelTest3@3cb5cdba]" name="tearDown" is-config="true" duration-ms="1464" started-at="2019-07-08T12:55:01Z" finished-at="2019-07-08T12:55:02Z">
          <reporter-output>
          </reporter-output>
        </test-method> <!-- tearDown -->
        <test-method status="PASS" signature="setUp()[pri:0, instance:com.training.regression.tests.ComplexExcelTest3@3cb5cdba]" name="setUp" is-config="true" duration-ms="11796" started-at="2019-07-08T12:55:02Z" finished-at="2019-07-08T12:55:14Z">
          <reporter-output>
          </reporter-output>
        </test-method> <!-- setUp -->
        <test-method status="PASS" signature="ExcelTest(java.lang.String, java.lang.String, java.lang.String, java.lang.String, java.lang.String)[pri:0, instance:com.training.regression.tests.ComplexExcelTest3@3cb5cdba]" name="ExcelTest" duration-ms="26477" started-at="2019-07-08T12:55:14Z" data-provider="excel-inputs" finished-at="2019-07-08T12:55:41Z">
          <params>
            <param index="0">
              <value>
                <![CDATA[anandhu@gmail.com]]>
              </value>
            </param>
            <param index="1">
              <value>
                <![CDATA[anandhuudayan]]>
              </value>
            </param>
            <param index="2">
              <value>
                <![CDATA[4.0]]>
              </value>
            </param>
            <param index="3">
              <value>
                <![CDATA[1.0]]>
              </value>
            </param>
            <param index="4">
              <value>
                <![CDATA[not my item]]>
              </value>
            </param>
          </params>
          <reporter-output>
          </reporter-output>
        </test-method> <!-- ExcelTest -->
        <test-method status="PASS" signature="tearDown()[pri:0, instance:com.training.regression.tests.ComplexExcelTest3@3cb5cdba]" name="tearDown" is-config="true" duration-ms="1458" started-at="2019-07-08T12:55:41Z" finished-at="2019-07-08T12:55:42Z">
          <reporter-output>
          </reporter-output>
        </test-method> <!-- tearDown -->
      </class> <!-- com.training.regression.tests.ComplexExcelTest3 -->
    </test> <!-- Default test -->
  </suite> <!-- Default suite -->
</testng-results>
