<?xml version="1.0" encoding="UTF-8"?>
<testng-results skipped="0" failed="0" total="1" passed="1">
  <reporter-output>
  </reporter-output>
  <suite name="Default suite" duration-ms="23271" started-at="2019-06-18T07:30:30Z" finished-at="2019-06-18T07:30:54Z">
    <groups>
    </groups>
    <test name="Default test" duration-ms="23271" started-at="2019-06-18T07:30:30Z" finished-at="2019-06-18T07:30:54Z">
      <class name="com.training.sanity.tests.Testcase1Test">
        <test-method status="PASS" signature="extentreport()[pri:0, instance:com.training.sanity.tests.Testcase1Test@4cdbe50f]" name="extentreport" is-config="true" duration-ms="341" started-at="2019-06-18T13:00:30Z" finished-at="2019-06-18T13:00:31Z">
          <reporter-output>
          </reporter-output>
        </test-method> <!-- extentreport -->
        <test-method status="PASS" signature="setUpBeforeClass()[pri:0, instance:com.training.sanity.tests.Testcase1Test@4cdbe50f]" name="setUpBeforeClass" is-config="true" duration-ms="0" started-at="2019-06-18T13:00:31Z" finished-at="2019-06-18T13:00:31Z">
          <reporter-output>
          </reporter-output>
        </test-method> <!-- setUpBeforeClass -->
        <test-method status="PASS" signature="setUp()[pri:0, instance:com.training.sanity.tests.Testcase1Test@4cdbe50f]" name="setUp" is-config="true" duration-ms="7880" started-at="2019-06-18T13:00:31Z" finished-at="2019-06-18T13:00:38Z">
          <reporter-output>
          </reporter-output>
        </test-method> <!-- setUp -->
        <test-method status="PASS" signature="uniformtc1()[pri:0, instance:com.training.sanity.tests.Testcase1Test@4cdbe50f]" name="uniformtc1" duration-ms="11314" started-at="2019-06-18T13:00:38Z" finished-at="2019-06-18T13:00:50Z">
          <reporter-output>
          </reporter-output>
        </test-method> <!-- uniformtc1 -->
        <test-method status="PASS" signature="tearDown()[pri:0, instance:com.training.sanity.tests.Testcase1Test@4cdbe50f]" name="tearDown" is-config="true" duration-ms="3711" started-at="2019-06-18T13:00:50Z" finished-at="2019-06-18T13:00:54Z">
          <reporter-output>
          </reporter-output>
        </test-method> <!-- tearDown -->
      </class> <!-- com.training.sanity.tests.Testcase1Test -->
    </test> <!-- Default test -->
  </suite> <!-- Default suite -->
</testng-results>
