<?xml version="1.0" encoding="UTF-8"?>
<!-- Generated by org.testng.reporters.JUnitXMLReporter -->
<testsuite hostname="aissac12" ignored="0" name="Default test" tests="4" failures="0" timestamp="08 Jul 2019 07:25:42 GMT" time="163.741" errors="0">
  <testcase name="ExcelTest" time="28.59" classname="com.training.regression.tests.ComplexExcelTest3"/>
  <testcase name="ExcelTest" time="26.906" classname="com.training.regression.tests.ComplexExcelTest3"/>
  <testcase name="ExcelTest" time="26.344" classname="com.training.regression.tests.ComplexExcelTest3"/>
  <testcase name="ExcelTest" time="26.477" classname="com.training.regression.tests.ComplexExcelTest3"/>
</testsuite> <!-- Default test -->
