<?xml version="1.0" encoding="UTF-8"?>
<!-- Generated by org.testng.reporters.JUnitXMLReporter -->
<testsuite hostname="aissac12" name="Default test" tests="3" failures="0" timestamp="25 Jun 2019 13:52:43 GMT" time="33.542" errors="0">
  <testcase name="mediumtc3" time="3.102" classname="com.training.sanity.tests.MediumTest3groups"/>
  <testcase name="mediumtc3a" time="5.983" classname="com.training.sanity.tests.MediumTest3groups"/>
  <testcase name="mediumtc3b" time="13.217" classname="com.training.sanity.tests.MediumTest3groups"/>
</testsuite> <!-- Default test -->
